DEBUG:urllib3.connectionpool:Starting new HTTP connection (1): fe80:0000:0000:0000:7269:79ff:feb9:1a40%9:80
DEBUG:urllib3.connectionpool:http://fe80:0000:0000:0000:7269:79ff:feb9:1a40%9:80 "POST /api/moku/claim_ownership HTTP/1.1" 200 62
DEBUG:urllib3.connectionpool:http://fe80:0000:0000:0000:7269:79ff:feb9:1a40%9:80 "GET /api/moku/describe HTTP/1.1" 200 515
DEBUG:urllib3.connectionpool:Starting new HTTP connection (1): fe80:0000:0000:0000:7269:79ff:feb9:1a40%9:80
DEBUG:urllib3.connectionpool:http://fe80:0000:0000:0000:7269:79ff:feb9:1a40%9:80 "POST /api/moku/claim_ownership HTTP/1.1" 200 62
DEBUG:urllib3.connectionpool:http://fe80:0000:0000:0000:7269:79ff:feb9:1a40%9:80 "GET /api/moku/describe HTTP/1.1" 200 515
DEBUG:urllib3.connectionpool:http://fe80:0000:0000:0000:7269:79ff:feb9:1a40%9:80 "POST /api/slot1/datalogger/set_frontend HTTP/1.1" 200 105
DEBUG:urllib3.connectionpool:http://fe80:0000:0000:0000:7269:79ff:feb9:1a40%9:80 "POST /api/slot1/datalogger/set_samplerate HTTP/1.1" 200 74
DEBUG:urllib3.connectionpool:http://fe80:0000:0000:0000:7269:79ff:feb9:1a40%9:80 "POST /api/slot1/datalogger/set_acquisition_mode HTTP/1.1" 200 72
DEBUG:urllib3.connectionpool:http://fe80:0000:0000:0000:7269:79ff:feb9:1a40%9:80 "POST /api/moku/relinquish_ownership HTTP/1.1" 200 56
DEBUG:urllib3.connectionpool:Starting new HTTP connection (1): fe80:0000:0000:0000:7269:79ff:feb9:1a40%9:80
DEBUG:urllib3.connectionpool:http://fe80:0000:0000:0000:7269:79ff:feb9:1a40%9:80 "POST /api/moku/claim_ownership HTTP/1.1" 200 62
DEBUG:urllib3.connectionpool:http://fe80:0000:0000:0000:7269:79ff:feb9:1a40%9:80 "GET /api/moku/describe HTTP/1.1" 200 515
DEBUG:urllib3.connectionpool:Starting new HTTP connection (1): fe80:0000:0000:0000:7269:79ff:feb9:1a40%9:80
DEBUG:urllib3.connectionpool:http://fe80:0000:0000:0000:7269:79ff:feb9:1a40%9:80 "POST /api/moku/claim_ownership HTTP/1.1" 200 62
DEBUG:urllib3.connectionpool:http://fe80:0000:0000:0000:7269:79ff:feb9:1a40%9:80 "GET /api/moku/describe HTTP/1.1" 200 515
DEBUG:urllib3.connectionpool:http://fe80:0000:0000:0000:7269:79ff:feb9:1a40%9:80 "POST /api/slot1/datalogger/set_frontend HTTP/1.1" 200 105
DEBUG:urllib3.connectionpool:http://fe80:0000:0000:0000:7269:79ff:feb9:1a40%9:80 "POST /api/slot1/datalogger/set_samplerate HTTP/1.1" 200 74
DEBUG:urllib3.connectionpool:http://fe80:0000:0000:0000:7269:79ff:feb9:1a40%9:80 "POST /api/slot1/datalogger/set_acquisition_mode HTTP/1.1" 200 72
DEBUG:urllib3.connectionpool:http://fe80:0000:0000:0000:7269:79ff:feb9:1a40%9:80 "POST /api/slot1/oscilloscope/get_data HTTP/1.1" 200 100
DEBUG:urllib3.connectionpool:Starting new HTTP connection (1): fe80:0000:0000:0000:7269:79ff:feb9:1a40%9:80
DEBUG:urllib3.connectionpool:http://fe80:0000:0000:0000:7269:79ff:feb9:1a40%9:80 "POST /api/moku/claim_ownership HTTP/1.1" 200 62
DEBUG:urllib3.connectionpool:http://fe80:0000:0000:0000:7269:79ff:feb9:1a40%9:80 "GET /api/moku/describe HTTP/1.1" 200 515
DEBUG:urllib3.connectionpool:Starting new HTTP connection (1): fe80:0000:0000:0000:7269:79ff:feb9:1a40%9:80
DEBUG:urllib3.connectionpool:http://fe80:0000:0000:0000:7269:79ff:feb9:1a40%9:80 "POST /api/moku/claim_ownership HTTP/1.1" 200 62
DEBUG:urllib3.connectionpool:http://fe80:0000:0000:0000:7269:79ff:feb9:1a40%9:80 "GET /api/moku/describe HTTP/1.1" 200 515
DEBUG:urllib3.connectionpool:http://fe80:0000:0000:0000:7269:79ff:feb9:1a40%9:80 "POST /api/slot1/datalogger/set_frontend HTTP/1.1" 200 105
DEBUG:urllib3.connectionpool:http://fe80:0000:0000:0000:7269:79ff:feb9:1a40%9:80 "POST /api/slot1/datalogger/set_samplerate HTTP/1.1" 200 74
DEBUG:urllib3.connectionpool:http://fe80:0000:0000:0000:7269:79ff:feb9:1a40%9:80 "POST /api/slot1/datalogger/set_acquisition_mode HTTP/1.1" 200 72
DEBUG:urllib3.connectionpool:http://fe80:0000:0000:0000:7269:79ff:feb9:1a40%9:80 "POST /api/slot1/oscilloscope/get_data HTTP/1.1" 200 100
DEBUG:urllib3.connectionpool:Starting new HTTP connection (1): fe80:0000:0000:0000:7269:79ff:feb9:1a40%9:80
DEBUG:urllib3.connectionpool:http://fe80:0000:0000:0000:7269:79ff:feb9:1a40%9:80 "POST /api/moku/claim_ownership HTTP/1.1" 200 62
DEBUG:urllib3.connectionpool:http://fe80:0000:0000:0000:7269:79ff:feb9:1a40%9:80 "GET /api/moku/describe HTTP/1.1" 200 515
DEBUG:urllib3.connectionpool:Starting new HTTP connection (1): fe80:0000:0000:0000:7269:79ff:feb9:1a40%9:80
DEBUG:urllib3.connectionpool:http://fe80:0000:0000:0000:7269:79ff:feb9:1a40%9:80 "POST /api/moku/claim_ownership HTTP/1.1" 200 62
DEBUG:urllib3.connectionpool:http://fe80:0000:0000:0000:7269:79ff:feb9:1a40%9:80 "GET /api/moku/describe HTTP/1.1" 200 515
DEBUG:urllib3.connectionpool:http://fe80:0000:0000:0000:7269:79ff:feb9:1a40%9:80 "POST /api/slot1/datalogger/set_frontend HTTP/1.1" 200 105
DEBUG:urllib3.connectionpool:http://fe80:0000:0000:0000:7269:79ff:feb9:1a40%9:80 "POST /api/slot1/datalogger/set_samplerate HTTP/1.1" 200 74
DEBUG:urllib3.connectionpool:http://fe80:0000:0000:0000:7269:79ff:feb9:1a40%9:80 "POST /api/slot1/datalogger/set_acquisition_mode HTTP/1.1" 200 72
DEBUG:urllib3.connectionpool:http://fe80:0000:0000:0000:7269:79ff:feb9:1a40%9:80 "POST /api/slot1/oscilloscope/get_data HTTP/1.1" 200 100
DEBUG:urllib3.connectionpool:Starting new HTTP connection (1): fe80:0000:0000:0000:7269:79ff:feb9:1a40%9:80
DEBUG:urllib3.connectionpool:http://fe80:0000:0000:0000:7269:79ff:feb9:1a40%9:80 "POST /api/moku/claim_ownership HTTP/1.1" 200 62
DEBUG:urllib3.connectionpool:http://fe80:0000:0000:0000:7269:79ff:feb9:1a40%9:80 "GET /api/moku/describe HTTP/1.1" 200 515
DEBUG:urllib3.connectionpool:Starting new HTTP connection (1): fe80:0000:0000:0000:7269:79ff:feb9:1a40%9:80
DEBUG:urllib3.connectionpool:http://fe80:0000:0000:0000:7269:79ff:feb9:1a40%9:80 "POST /api/moku/claim_ownership HTTP/1.1" 200 62
DEBUG:urllib3.connectionpool:http://fe80:0000:0000:0000:7269:79ff:feb9:1a40%9:80 "GET /api/moku/describe HTTP/1.1" 200 515
DEBUG:urllib3.connectionpool:http://fe80:0000:0000:0000:7269:79ff:feb9:1a40%9:80 "POST /api/slot1/datalogger/set_frontend HTTP/1.1" 200 105
DEBUG:urllib3.connectionpool:http://fe80:0000:0000:0000:7269:79ff:feb9:1a40%9:80 "POST /api/slot1/datalogger/set_samplerate HTTP/1.1" 200 74
DEBUG:urllib3.connectionpool:http://fe80:0000:0000:0000:7269:79ff:feb9:1a40%9:80 "POST /api/slot1/datalogger/set_acquisition_mode HTTP/1.1" 200 72
DEBUG:urllib3.connectionpool:http://fe80:0000:0000:0000:7269:79ff:feb9:1a40%9:80 "POST /api/slot1/oscilloscope/get_data HTTP/1.1" 200 100
